C51 COMPILER V9.00   ADC0804_1                                                             12/29/2019 20:17:33 PAGE 1   


C51 COMPILER V9.00, COMPILATION OF MODULE ADC0804_1
OBJECT MODULE PLACED IN .\adc0804_1.obj
COMPILER INVOKED BY: C:\Keil\C51\BIN\C51.EXE D:\ProteusKeilFile\adc0804_1.c BROWSE DEBUG OBJECTEXTEND PRINT(.\adc0804_1.
                    -lst) OBJECT(.\adc0804_1.obj)

line level    source

   1          #include<reg52.h>
   2          #define uchar unsigned char
   3          #define uint unsigned int
   4          uint disnum,a;
   5          sbit adrd=P3^7;
   6          sbit adwr=P3^6;
   7          sbit dula=P2^6;
   8          sbit wela=P2^7;
   9          uchar code table_du[]={
  10          0x3f,0x06,0x5b,0x4f,0x66,0x6d,
  11          0x7d,0x07,0x7f,0x6f,0x77,0x7c,
  12          0x39,0x5e,0x79,0x71};
  13          delay(uchar);
  14          display(uint);
  15          void main()
  16          {
  17   1              while(1)
  18   1              {
  19   2                      wela=1;
  20   2                      P0=0x7f;
  21   2                      adwr=1;
  22   2                      adwr=0;
  23   2                      adwr=1;
  24   2      
  25   2                      delay(10);
  26   2                      
  27   2                      P1=0xff;
  28   2                      adrd=1;
  29   2                      adrd=0;
  30   2                      disnum=P1;
  31   2                      adrd=1;
  32   2                      P1=disnum;
  33   2                      for(a=20;a>0;a--)
  34   2                      display(disnum);
  35   2              }
  36   1      }
  37          
  38          delay(uchar x)
  39          {
  40   1              uchar a,b;
  41   1              for(a=x;a>0;a--)
  42   1                      for(b=200;b>0;b--);
  43   1      
  44   1      }
  45          
  46          display(uint disnum)
  47          {
  48   1              
  49   1              P0=table_du[disnum/100];
  50   1              dula=1;
  51   1              dula=0;
  52   1              P0=0xfe;
  53   1              wela=1;
  54   1              wela=0;
C51 COMPILER V9.00   ADC0804_1                                                             12/29/2019 20:17:33 PAGE 2   

  55   1              delay(10);
  56   1      
  57   1              P0=table_du[disnum%100/10];
  58   1              dula=1;
  59   1              dula=0;
  60   1              P0=0xfd;
  61   1              wela=1;
  62   1              wela=0; 
  63   1              delay(10);
  64   1      
  65   1              P0=table_du[disnum%100%10];
  66   1              dula=1;
  67   1              dula=0;
  68   1              P0=0xfb;
  69   1              wela=1;
  70   1              wela=0;
  71   1              delay(10);
  72   1      
  73   1              
  74   1      }
*** WARNING C290 IN LINE 44 OF D:\PROTEUSKEILFILE\ADC0804_1.C: missing return value
*** WARNING C290 IN LINE 74 OF D:\PROTEUSKEILFILE\ADC0804_1.C: missing return value


MODULE INFORMATION:   STATIC OVERLAYABLE
   CODE SIZE        =    226    ----
   CONSTANT SIZE    =     16    ----
   XDATA SIZE       =   ----    ----
   PDATA SIZE       =   ----    ----
   DATA SIZE        =      4    ----
   IDATA SIZE       =   ----    ----
   BIT SIZE         =   ----    ----
END OF MODULE INFORMATION.


C51 COMPILATION COMPLETE.  2 WARNING(S),  0 ERROR(S)
