C51 COMPILER V9.00   DIGITAL1221                                                           12/22/2019 10:43:24 PAGE 1   


C51 COMPILER V9.00, COMPILATION OF MODULE DIGITAL1221
OBJECT MODULE PLACED IN .\digital1221.obj
COMPILER INVOKED BY: C:\Keil\C51\BIN\C51.EXE D:\keilFile\digital1221.c BROWSE DEBUG OBJECTEXTEND PRINT(.\digital1221.lst
                    -) OBJECT(.\digital1221.obj)

line level    source

   1          #include"reg51.h"
   2          #define uchar unsigned char
   3          #define uint unsigned int
   4          sbit dula = P2 ^ 6;
   5          sbit wela = P2 ^ 7;
   6          uchar table[] = { 0x3f,0x06,0x5b,
   7          0x4f,0x66,0x6d,0x7d,0x07,0x7f,0x6f,0x77,
   8          0x7c,0x39,0x5e,0x79,0x71 };
   9          void delay(uint);
  10          
  11          void main()
  12          {
  13   1              while (1)
  14   1              {
  15   2                      P0 = 0xea;
  16   2                      wela = 1;
  17   2                      wela = 0;
  18   2                      P0 = table[2];
  19   2                      dula = 1;
  20   2                      dula = 0;
  21   2                      delay(1000);
  22   2                      P0 = table[3];
  23   2                      dula = 1;
  24   2                      dula = 0;
  25   2                      delay(1000);
  26   2              }
  27   1      }
  28          void delay(uint ms)
  29          {
  30   1              uint i = ms * 91;// 12MHZµÄ¾§Õñ ??
  31   1              for (; i > 0; i--);
  32   1      }


MODULE INFORMATION:   STATIC OVERLAYABLE
   CODE SIZE        =     53    ----
   CONSTANT SIZE    =   ----    ----
   XDATA SIZE       =   ----    ----
   PDATA SIZE       =   ----    ----
   DATA SIZE        =     16    ----
   IDATA SIZE       =   ----    ----
   BIT SIZE         =   ----    ----
END OF MODULE INFORMATION.


C51 COMPILATION COMPLETE.  0 WARNING(S),  0 ERROR(S)
