C51 COMPILER V9.00   INTER_1                                                               10/24/2019 22:55:46 PAGE 1   


C51 COMPILER V9.00, COMPILATION OF MODULE INTER_1
OBJECT MODULE PLACED IN inter_1.OBJ
COMPILER INVOKED BY: C:\Keil\C51\BIN\C51.EXE inter_1.c BROWSE DEBUG OBJECTEXTEND

line level    source

   1          #include<reg51.h>
   2          unsigned char a,num;
   3          sbit LED1=P1^0;
   4          unsigned int i,j;
   5          
   6          void main()
   7          {
   8   1              while (1)
   9   1              {
  10   2                      P1=~(1<<j++);
  11   2                      if(j==8) j=0;
  12   2                      for (i = 0; i < 50000; i++);
  13   2              }
  14   1      }


MODULE INFORMATION:   STATIC OVERLAYABLE
   CODE SIZE        =     70    ----
   CONSTANT SIZE    =   ----    ----
   XDATA SIZE       =   ----    ----
   PDATA SIZE       =   ----    ----
   DATA SIZE        =      6    ----
   IDATA SIZE       =   ----    ----
   BIT SIZE         =   ----    ----
END OF MODULE INFORMATION.


C51 COMPILATION COMPLETE.  0 WARNING(S),  0 ERROR(S)
