C51 COMPILER V9.00   LCD1602                                                               03/20/2020 15:51:04 PAGE 1   


C51 COMPILER V9.00, COMPILATION OF MODULE LCD1602
OBJECT MODULE PLACED IN lcd1602.OBJ
COMPILER INVOKED BY: C:\Keil\C51\BIN\C51.EXE lcd1602.c BROWSE DEBUG OBJECTEXTEND

line level    source

   1          #include <reg52.h>
   2          #define uchar unsigned char
   3          #define uint unsigned int
   4          #define DATA_PORT P0
   5          //-------------------------------------------
   6          //              管脚定义   
   7          //------------------------------------------
   8          sbit RS = P2 ^ 0;     //数据(L)/命令(H)选择
   9          sbit LCDRW = P2 ^ 1;     //写，低电平有效
  10          sbit EN = P2 ^ 2;     //使能,低电平有效
  11          //===========================================
  12          //              函数声明
  13          //-------------------------------------------
  14          void delay_lcd(char);
  15          void write_data(char);
  16          void write_com(char);
  17          void lcd_init();
  18          void delay_ms(char);
  19          void print_string(char*);
  20          //--------------------------------------------
  21          //              写数据函数
  22          //--------------------------------------------
  23          void write_data(char dat) {
  24   1              RS = 1;          //数据
  25   1              LCDRW = 0;        //写
  26   1              DATA_PORT = dat; //把数据送到P口
  27   1              delay_ms(5);      //当晶振较高时加延时
  28   1              EN = 1;
  29   1              delay_ms(5);    //当晶振较高时加延时
  30   1              EN = 0;          //关使能
  31   1      }
  32          //--------------------------------------------
  33          //              写命令函数
  34          //--------------------------------------------
  35          void write_com(char com) {
  36   1              RS = 0;          //命令
  37   1              LCDRW = 0;        //写
  38   1              DATA_PORT = com;
  39   1              delay_ms(5);    //当晶振较高时加延时
  40   1              EN = 1;
  41   1              delay_ms(5);    //当晶振较高时加延时
  42   1              EN = 0;
  43   1      }
  44          //--------------------------------------------
  45          //        1602初始化函数
  46          //--------------------------------------------
  47          void lcd_init() {
  48   1              LCDRW = 0;
  49   1              RS = 0;
  50   1              write_com(0x36);     //set text home address
  51   1              write_com(0x0f);     //display switch,display on,cursor on,blink on.
  52   1              write_com(0x38);
  53   1              write_com(0x06);     //input set.
  54   1              write_com(0x01);     //screen clear
  55   1              write_com(0x80);    //DDRAM AD set to 00h,
C51 COMPILER V9.00   LCD1602                                                               03/20/2020 15:51:04 PAGE 2   

  56   1      }
  57          void print_string(char* str) {
  58   1              int i;
  59   1              for (i = 0; str[i] != 0; i++)
  60   1              {
  61   2                      write_data(str[i]);
  62   2                      delay_ms(200);
  63   2              }
  64   1      }
  65          //--------------------------------------------
  66          //              延时函数
  67          //--------------------------------------------
  68          void delay_ms(uchar t) {
  69   1              int j;
  70   1              for (; t != 0; t--)
  71   1                      for (j = 0; j < 255; j++);
  72   1      
  73   1      }
  74          main() {
  75   1              lcd_init();
  76   1      
  77   1              print_string("Hello OVCTEK!");
  78   1              write_com(0xc0);    //DDRAM AD set to 00h,
  79   1              print_string("This is YXN!");
  80   1              while (1);
  81   1      }


MODULE INFORMATION:   STATIC OVERLAYABLE
   CODE SIZE        =    166    ----
   CONSTANT SIZE    =     27    ----
   XDATA SIZE       =   ----    ----
   PDATA SIZE       =   ----    ----
   DATA SIZE        =   ----       5
   IDATA SIZE       =   ----    ----
   BIT SIZE         =   ----    ----
END OF MODULE INFORMATION.


C51 COMPILATION COMPLETE.  0 WARNING(S),  0 ERROR(S)
