C51 COMPILER V9.00   LED1222                                                               12/22/2019 12:10:34 PAGE 1   


C51 COMPILER V9.00, COMPILATION OF MODULE LED1222
OBJECT MODULE PLACED IN .\led1222.obj
COMPILER INVOKED BY: C:\Keil\C51\BIN\C51.EXE D:\keilFile\led1222.c BROWSE DEBUG OBJECTEXTEND PRINT(.\led1222.lst) OBJECT
                    -(.\led1222.obj)

line level    source

   1          #include"reg51.h"
   2          #define uchar unsigned char
   3          #define uint unsigned int
   4          sbit dula = P2 ^ 6;
   5          sbit wela = P2 ^ 7;
   6          sbit led = P0;
   7          uint num;
   8          void delay(uint);
   9          
  10          void main()
  11          {
  12   1              num = 0;
  13   1              EA = 1;
  14   1              ET0 = 1;
  15   1              TMOD = 0x01;
  16   1              TH0 = (65536 - 50000) / 256;
  17   1              TL0 = (65536 - 50000) % 256;
  18   1              TR0 = 1;
  19   1              while (1)
  20   1              {
  21   2                      if (num == 20)
  22   2                      {
  23   3                              num = 0;
  24   3                              led = ~led;
  25   3                      }
  26   2              }
  27   1      }
  28          
  29          void time0() interrupt 1
  30          {
  31   1              TH0 = (65536 - 50000) / 256;
  32   1              TL0 = (65536 - 50000) % 256;
  33   1              num++;
  34   1      }
  35          void delay(uint ms)
  36          {
  37   1              uint i = ms * 91;// 12MHZµÄ¾§Õñ ??
  38   1              for (; i > 0; i--);
  39   1      }


MODULE INFORMATION:   STATIC OVERLAYABLE
   CODE SIZE        =     79    ----
   CONSTANT SIZE    =   ----    ----
   XDATA SIZE       =   ----    ----
   PDATA SIZE       =   ----    ----
   DATA SIZE        =      2    ----
   IDATA SIZE       =   ----    ----
   BIT SIZE         =   ----    ----
END OF MODULE INFORMATION.


C51 COMPILATION COMPLETE.  0 WARNING(S),  0 ERROR(S)
