C51 COMPILER V9.00   LED1602                                                               03/20/2020 14:01:29 PAGE 1   


C51 COMPILER V9.00, COMPILATION OF MODULE LED1602
OBJECT MODULE PLACED IN led1602.OBJ
COMPILER INVOKED BY: C:\Keil\C51\BIN\C51.EXE led1602.c BROWSE DEBUG OBJECTEXTEND

line level    source

   1          #include <reg52.h>
   2          #define uchar unsigned char
   3          #define uint unsigned int
   4          uchar code table[] = "MY QQ NUMBER";
   5          uchar code table1[] = "799974296";
   6          uchar temp;
   7          sbit lcden = P3 ^ 4;
   8          sbit lcdrs = P3 ^ 5;
   9          sbit duan = P2 ^ 6;
  10          sbit wei = P2 ^ 7;
  11          void delay(uint xms)
  12          {
  13   1          uint i, j;
  14   1          for (i = 0; i < xms; i++)
  15   1              for (j = 0; j < xms; j++);
  16   1      }
  17          void write_com(uchar com)//初始化写命令
  18          {
  19   1          lcdrs = 0;
  20   1          P0 = com;
  21   1          delay(5);
  22   1          lcden = 1;
  23   1          delay(5);
  24   1          lcden = 0;
  25   1      }
  26          void write_date(uchar date)//初始化写数据
  27          {
  28   1          lcdrs = 1;
  29   1          P0 = date;
  30   1          delay(5);
  31   1          lcden = 1;
  32   1          delay(5);
  33   1          lcden = 0;
  34   1      }
  35          void init()
  36          {
  37   1          duan = 0;
  38   1          wei = 0;
  39   1          lcden = 0;
  40   1          write_com(0x38); //显示模式的设置
  41   1          write_com(0x0e);  //设置为开显示，显示光标，光标不闪烁
  42   1          write_com(0x06);  //写完一个字符后地址指针和光标加一，整屏显示不移动
  43   1          write_com(0x01);//初始化的时候先清屏
  44   1          write_com(0x40);  //将数据指针移动到第一行第一个
  45   1      }
  46          void main()
  47          {
  48   1          init();
  49   1          write_com(0x40 + 0x53);//起始写的位置光标后移以便移动
  50   1          for (temp = 0; temp < 12; temp++)
  51   1          {
  52   2              write_date(table[temp]);
  53   2              delay(20);
  54   2          }
  55   1          write_com(0x80 + 0x53);//切换到第二行
C51 COMPILER V9.00   LED1602                                                               03/20/2020 14:01:29 PAGE 2   

  56   1          for (temp = 0; temp < 9; temp++)
  57   1          {
  58   2              write_date(table1[temp]);
  59   2              delay(20);
  60   2          }
  61   1          for (temp = 0; temp < 19; temp++)
  62   1          {
  63   2              write_com(0x18);
  64   2              delay(200);
  65   2              /*
  66   2              关于光标常用的几条指令
  67   2              0x10字符不动，光标左移一个位置
  68   2              0x14字符不动，光标右移一个位置
  69   2              0x18字符和光标一起左移一个位置
  70   2              0x1c字符和光标一起右移一个位置
  71   2              */
  72   2          }
  73   1          while (1);
  74   1      }


MODULE INFORMATION:   STATIC OVERLAYABLE
   CODE SIZE        =    190    ----
   CONSTANT SIZE    =     23    ----
   XDATA SIZE       =   ----    ----
   PDATA SIZE       =   ----    ----
   DATA SIZE        =      1    ----
   IDATA SIZE       =   ----    ----
   BIT SIZE         =   ----    ----
END OF MODULE INFORMATION.


C51 COMPILATION COMPLETE.  0 WARNING(S),  0 ERROR(S)
